2026-04-16 09:48:33,373 [INFO] === DEBUT PIPELINE ETL ===
2026-04-16 09:48:33,375 [INFO] [EXTRACT] Chargement du fichier source...
2026-04-16 09:48:42,178 [INFO] === DEBUT PIPELINE ETL ===
2026-04-16 09:48:42,179 [INFO] [EXTRACT] Chargement du fichier source...
2026-04-16 09:48:42,183 [INFO] [EXTRACT] 490 lignes chargées
2026-04-16 09:48:42,184 [INFO] [TRANSFORM] Communes...
2026-04-16 09:51:48,075 [INFO] === DEBUT PIPELINE ETL ===
2026-04-16 09:51:48,077 [INFO] [EXTRACT] Chargement du fichier source...
2026-04-16 09:51:48,080 [INFO] [EXTRACT] 490 lignes chargées
2026-04-16 09:51:48,081 [INFO] [TRANSFORM] Communes...
2026-04-16 10:07:03,308 [INFO] === DEBUT PIPELINE ETL ===
2026-04-16 10:07:03,309 [INFO] [EXTRACT] Chargement du fichier source...
2026-04-16 10:07:03,312 [INFO] [EXTRACT] 490 lignes chargées
2026-04-16 10:07:03,312 [INFO] [TRANSFORM] Communes...
2026-04-16 10:07:17,964 [INFO] === DEBUT PIPELINE ETL ===
2026-04-16 10:07:17,966 [INFO] [EXTRACT] Chargement du fichier source...
2026-04-16 10:07:17,969 [INFO] [EXTRACT] 490 lignes chargées
2026-04-16 10:07:17,970 [INFO] [TRANSFORM] Communes...
2026-04-16 10:07:23,674 [INFO] === DEBUT PIPELINE ETL ===
2026-04-16 10:07:23,675 [INFO] [EXTRACT] Chargement du fichier source...
2026-04-16 10:07:23,678 [INFO] [EXTRACT] 490 lignes chargées
2026-04-16 10:07:23,679 [INFO] [TRANSFORM] Communes...
2026-04-16 10:11:23,845 [INFO] === DEBUT PIPELINE ETL ===
2026-04-16 10:11:23,846 [INFO] [EXTRACT] Chargement du fichier source...
2026-04-16 10:11:23,849 [INFO] [EXTRACT] 490 lignes chargées
2026-04-16 10:11:23,850 [INFO] [TRANSFORM] Secteurs...
2026-04-16 10:13:53,687 [INFO] === DEBUT PIPELINE ETL ===
2026-04-16 10:13:53,687 [INFO] [EXTRACT] Chargement du fichier source...
2026-04-16 10:13:53,691 [INFO] [EXTRACT] 490 lignes chargées
2026-04-16 10:13:53,691 [INFO] [TRANSFORM] Communes...
2026-04-16 10:17:25,069 [INFO] === DEBUT PIPELINE ETL ===
2026-04-16 10:17:25,070 [INFO] [EXTRACT] Chargement du fichier source...
2026-04-16 10:17:25,074 [INFO] [EXTRACT] 490 lignes chargées
2026-04-16 10:17:25,076 [INFO] [TRANSFORM] Communes...
2026-04-16 10:21:47,227 [INFO] === DEBUT PIPELINE ETL ===
2026-04-16 10:21:47,228 [INFO] [EXTRACT] Chargement du fichier source...
2026-04-16 10:21:47,231 [INFO] [EXTRACT] 490 lignes chargées
2026-04-16 10:21:47,233 [INFO] [TRANSFORM] Communes...
2026-04-16 10:23:13,104 [INFO] === DEBUT PIPELINE ETL ===
2026-04-16 10:23:13,105 [INFO] [EXTRACT] Chargement du fichier source...
2026-04-16 10:23:13,109 [INFO] [EXTRACT] 490 lignes chargées
2026-04-16 10:23:13,111 [INFO] [TRANSFORM] Communes...
2026-04-16 10:25:13,699 [INFO] === DEBUT PIPELINE ETL ===
2026-04-16 10:25:13,700 [INFO] [EXTRACT] Chargement du fichier source...
2026-04-16 10:25:13,702 [INFO] [EXTRACT] 490 lignes chargées
2026-04-16 10:25:13,704 [INFO] [TRANSFORM] Communes...
2026-04-16 10:29:35,296 [INFO] === DEBUT PIPELINE ETL ===
2026-04-16 10:29:35,297 [INFO] [EXTRACT] Chargement du fichier source...
2026-04-16 10:29:35,301 [INFO] [EXTRACT] 490 lignes chargées
2026-04-16 10:29:35,307 [INFO] [TRANSFORM] Communes...
2026-04-16 10:31:31,547 [INFO] === DEBUT PIPELINE ETL ===
2026-04-16 10:31:31,548 [INFO] [EXTRACT] Chargement du fichier source...
2026-04-16 10:31:31,552 [INFO] [EXTRACT] 490 lignes chargées
2026-04-16 10:31:31,556 [INFO] [TRANSFORM] Communes...
2026-04-16 10:31:31,563 [INFO] [TRANSFORM] Secteurs...
2026-04-16 10:31:31,571 [INFO] [TRANSFORM] Tranches effectifs...
2026-04-16 10:31:31,577 [INFO] [TRANSFORM] Entreprises...
2026-04-16 10:33:48,546 [INFO] === DEBUT PIPELINE ETL ===
2026-04-16 10:33:48,547 [INFO] [EXTRACT] Chargement du fichier source...
2026-04-16 10:33:48,552 [INFO] [EXTRACT] 490 lignes chargées
2026-04-16 10:33:48,556 [INFO] [TRANSFORM] Communes...
2026-04-16 10:33:48,567 [INFO] [TRANSFORM] Secteurs...
2026-04-16 10:33:48,573 [INFO] [TRANSFORM] Tranches effectifs...
2026-04-16 10:33:48,580 [INFO] [TRANSFORM] Entreprises...
2026-04-16 10:35:47,934 [INFO] === DEBUT PIPELINE ETL ===
2026-04-16 10:35:47,935 [INFO] [EXTRACT] Chargement du fichier source...
2026-04-16 10:35:47,939 [INFO] [EXTRACT] 490 lignes chargées
2026-04-16 10:35:47,943 [INFO] [TRANSFORM] Communes...
2026-04-16 10:35:47,950 [INFO] [TRANSFORM] Secteurs...
2026-04-16 10:35:47,956 [INFO] [TRANSFORM] Tranches effectifs...
2026-04-16 10:35:47,961 [INFO] [TRANSFORM] Entreprises...
2026-04-16 10:35:47,976 [INFO] [TRANSFORM] 49 communes, 25 secteurs, 8 tranches, 36 entreprises
2026-04-16 10:35:47,977 [INFO] [LOAD] Chargement dans entreprises_isere.db...
2026-04-16 10:35:48,014 [INFO] === PIPELINE TERMINÉ ===
2026-04-16 10:37:24,021 [INFO] === DEBUT PIPELINE ETL ===
2026-04-16 10:37:24,022 [INFO] [EXTRACT] Chargement du fichier source...
2026-04-16 10:37:24,025 [INFO] [EXTRACT] 490 lignes chargées
2026-04-16 10:37:24,030 [INFO] [TRANSFORM] Communes...
2026-04-16 10:37:24,037 [INFO] [TRANSFORM] Secteurs...
2026-04-16 10:37:24,043 [INFO] [TRANSFORM] Tranches effectifs...
2026-04-16 10:37:24,049 [INFO] [TRANSFORM] Entreprises...
2026-04-16 10:37:24,060 [INFO] [TRANSFORM] 49 communes, 25 secteurs, 8 tranches, 36 entreprises
2026-04-16 10:37:24,061 [INFO] [LOAD] Chargement dans entreprises_isere.db...
2026-04-16 10:37:24,113 [INFO] === PIPELINE TERMINÉ ===
2026-04-16 10:42:01,388 [INFO] === DEBUT PIPELINE ETL ===
2026-04-16 10:42:01,389 [INFO] [EXTRACT] Chargement du fichier source...
2026-04-16 10:42:01,393 [INFO] [EXTRACT] 490 lignes chargées
2026-04-16 10:42:01,396 [INFO] [TRANSFORM] Communes...
2026-04-16 10:42:01,404 [INFO] [TRANSFORM] Secteurs...
2026-04-16 10:42:01,409 [INFO] [TRANSFORM] Tranches effectifs...
2026-04-16 10:42:01,415 [INFO] [TRANSFORM] Entreprises...
2026-04-16 10:42:01,426 [INFO] [TRANSFORM] 49 communes, 25 secteurs, 8 tranches, 36 entreprises
2026-04-16 10:42:01,426 [INFO] [LOAD] Chargement dans entreprises_isere.db...
2026-04-16 10:42:01,473 [INFO] === PIPELINE TERMINÉ ===
